STAR version=STAR_2.6.0c
STAR compilation time,server,dir=Thu May 10 22:53:55 GMT 2018 :/Users/travis/build/alexdobin/travis-tests/STARcompile/source
##### DEFAULT parameters:
versionSTAR                       20201
versionGenome                     20101   20200   
parametersFiles                   -   
sysShell                          -
runMode                           alignReads
runThreadN                        1
runDirPerm                        User_RWX
runRNGseed                        777
genomeDir                         ./GenomeDir/
genomeLoad                        NoSharedMemory
genomeFastaFiles                  -   
genomeChainFiles                  -   
genomeSAindexNbases               14
genomeChrBinNbits                 18
genomeSAsparseD                   1
genomeSuffixLengthMax             18446744073709551615
genomeFileSizes                   0   
genomeConsensusFile               -
readFilesType                     Fastx   
readFilesIn                       Read1   Read2   
readFilesPrefix                   -
readFilesCommand                  -   
readMatesLengthsIn                NotEqual
readMapNumber                     18446744073709551615
readNameSeparator                 /   
inputBAMfile                      -
bamRemoveDuplicatesType           -
bamRemoveDuplicatesMate2basesN    0
limitGenomeGenerateRAM            31000000000
limitIObufferSize                 150000000
limitOutSAMoneReadBytes           100000
limitOutSJcollapsed               1000000
limitOutSJoneRead                 1000
limitBAMsortRAM                   0
limitSjdbInsertNsj                1000000
outFileNamePrefix                 ./
outTmpDir                         -
outTmpKeep                        None
outStd                            Log
outReadsUnmapped                  None
outQSconversionAdd                0
outMultimapperOrder               Old_2.4
outSAMtype                        SAM   
outSAMmode                        Full
outSAMstrandField                 None
outSAMattributes                  Standard   
outSAMunmapped                    None   
outSAMorder                       Paired
outSAMprimaryFlag                 OneBestScore
outSAMreadID                      Standard
outSAMmapqUnique                  255
outSAMflagOR                      0
outSAMflagAND                     65535
outSAMattrRGline                  -   
outSAMheaderHD                    -   
outSAMheaderPG                    -   
outSAMheaderCommentFile           -
outBAMcompression                 1
outBAMsortingThreadN              0
outBAMsortingBinsN                50
outSAMfilter                      None   
outSAMmultNmax                    18446744073709551615
outSAMattrIHstart                 1
outSAMtlen                        1
outSJfilterReads                  All
outSJfilterCountUniqueMin         3   1   1   1   
outSJfilterCountTotalMin          3   1   1   1   
outSJfilterOverhangMin            30   12   12   12   
outSJfilterDistToOtherSJmin       10   0   5   10   
outSJfilterIntronMaxVsReadN       50000   100000   200000   
outWigType                        None   
outWigStrand                      Stranded   
outWigReferencesPrefix            -
outWigNorm                        RPM   
outFilterType                     Normal
outFilterMultimapNmax             10
outFilterMultimapScoreRange       1
outFilterScoreMin                 0
outFilterScoreMinOverLread        0.66
outFilterMatchNmin                0
outFilterMatchNminOverLread       0.66
outFilterMismatchNmax             10
outFilterMismatchNoverLmax        0.3
outFilterMismatchNoverReadLmax    1
outFilterIntronMotifs             None
outFilterIntronStrands            RemoveInconsistentStrands
clip5pNbases                      0   
clip3pNbases                      0   
clip3pAfterAdapterNbases          0   
clip3pAdapterSeq                  -   
clip3pAdapterMMp                  0.1   
winBinNbits                       16
winAnchorDistNbins                9
winFlankNbins                     4
winAnchorMultimapNmax             50
winReadCoverageRelativeMin        0.5
winReadCoverageBasesMin           0
scoreGap                          0
scoreGapNoncan                    -8
scoreGapGCAG                      -4
scoreGapATAC                      -8
scoreStitchSJshift                1
scoreGenomicLengthLog2scale       -0.25
scoreDelBase                      -2
scoreDelOpen                      -2
scoreInsOpen                      -2
scoreInsBase                      -2
seedSearchLmax                    0
seedSearchStartLmax               50
seedSearchStartLmaxOverLread      1
seedPerReadNmax                   1000
seedPerWindowNmax                 50
seedNoneLociPerWindow             10
seedMultimapNmax                  10000
seedSplitMin                      12
alignIntronMin                    21
alignIntronMax                    0
alignMatesGapMax                  0
alignTranscriptsPerReadNmax       10000
alignSJoverhangMin                5
alignSJDBoverhangMin              3
alignSJstitchMismatchNmax         0   -1   0   0   
alignSplicedMateMapLmin           0
alignSplicedMateMapLminOverLmate    0.66
alignWindowsPerReadNmax           10000
alignTranscriptsPerWindowNmax     100
alignEndsType                     Local
alignSoftClipAtReferenceEnds      Yes
alignEndsProtrude                 0   ConcordantPair   
alignInsertionFlush               None
peOverlapNbasesMin                0
peOverlapMMp                      0.1
chimSegmentMin                    0
chimScoreMin                      0
chimScoreDropMax                  20
chimScoreSeparation               10
chimScoreJunctionNonGTAG          -1
chimMainSegmentMultNmax           10
chimJunctionOverhangMin           20
chimOutType                       Junctions   
chimFilter                        banGenomicN   
chimSegmentReadGapMax             0
chimMultimapNmax                  0
chimMultimapScoreRange            1
chimNonchimScoreDropMin           20
sjdbFileChrStartEnd               -   
sjdbGTFfile                       -
sjdbGTFchrPrefix                  -
sjdbGTFfeatureExon                exon
sjdbGTFtagExonParentTranscript    transcript_id
sjdbGTFtagExonParentGene          gene_id
sjdbOverhang                      100
sjdbScore                         2
sjdbInsertSave                    Basic
varVCFfile                        -
waspOutputMode                    None
quantMode                         -   
quantTranscriptomeBAMcompression    1
quantTranscriptomeBan             IndelSoftclipSingleend
twopass1readsN                    18446744073709551615
twopassMode                       None
##### Command Line:
STAR --runThreadN 1 --runMode genomeGenerate --genomeDir data/STAR_genome/NC_002549/ --genomeFastaFiles data/viral_genome/NC_002549.fa --sjdbGTFfile data/viral_genome/NC_002549.gff --sjdbOverhang 100 --sjdbGTFtagExonParentTranscript Parent --genomeSAindexNbases 6
##### Initial USER parameters from Command Line:
###### All USER parameters from Command Line:
runThreadN                    1     ~RE-DEFINED
runMode                       genomeGenerate     ~RE-DEFINED
genomeDir                     data/STAR_genome/NC_002549/     ~RE-DEFINED
genomeFastaFiles              data/viral_genome/NC_002549.fa        ~RE-DEFINED
sjdbGTFfile                   data/viral_genome/NC_002549.gff     ~RE-DEFINED
sjdbOverhang                  100     ~RE-DEFINED
sjdbGTFtagExonParentTranscriptParent     ~RE-DEFINED
genomeSAindexNbases           6     ~RE-DEFINED
##### Finished reading parameters from all sources

##### Final user re-defined parameters-----------------:
runMode                           genomeGenerate
runThreadN                        1
genomeDir                         data/STAR_genome/NC_002549/
genomeFastaFiles                  data/viral_genome/NC_002549.fa   
genomeSAindexNbases               6
sjdbGTFfile                       data/viral_genome/NC_002549.gff
sjdbGTFtagExonParentTranscript    Parent
sjdbOverhang                      100

-------------------------------
##### Final effective command line:
STAR   --runMode genomeGenerate   --runThreadN 1   --genomeDir data/STAR_genome/NC_002549/   --genomeFastaFiles data/viral_genome/NC_002549.fa      --genomeSAindexNbases 6   --sjdbGTFfile data/viral_genome/NC_002549.gff   --sjdbGTFtagExonParentTranscript Parent   --sjdbOverhang 100

##### Final parameters after user input--------------------------------:
versionSTAR                       20201
versionGenome                     20101   20200   
parametersFiles                   -   
sysShell                          -
runMode                           genomeGenerate
runThreadN                        1
runDirPerm                        User_RWX
runRNGseed                        777
genomeDir                         data/STAR_genome/NC_002549/
genomeLoad                        NoSharedMemory
genomeFastaFiles                  data/viral_genome/NC_002549.fa   
genomeChainFiles                  -   
genomeSAindexNbases               6
genomeChrBinNbits                 18
genomeSAsparseD                   1
genomeSuffixLengthMax             18446744073709551615
genomeFileSizes                   0   
genomeConsensusFile               -
readFilesType                     Fastx   
readFilesIn                       Read1   Read2   
readFilesPrefix                   -
readFilesCommand                  -   
readMatesLengthsIn                NotEqual
readMapNumber                     18446744073709551615
readNameSeparator                 /   
inputBAMfile                      -
bamRemoveDuplicatesType           -
bamRemoveDuplicatesMate2basesN    0
limitGenomeGenerateRAM            31000000000
limitIObufferSize                 150000000
limitOutSAMoneReadBytes           100000
limitOutSJcollapsed               1000000
limitOutSJoneRead                 1000
limitBAMsortRAM                   0
limitSjdbInsertNsj                1000000
outFileNamePrefix                 ./
outTmpDir                         -
outTmpKeep                        None
outStd                            Log
outReadsUnmapped                  None
outQSconversionAdd                0
outMultimapperOrder               Old_2.4
outSAMtype                        SAM   
outSAMmode                        Full
outSAMstrandField                 None
outSAMattributes                  Standard   
outSAMunmapped                    None   
outSAMorder                       Paired
outSAMprimaryFlag                 OneBestScore
outSAMreadID                      Standard
outSAMmapqUnique                  255
outSAMflagOR                      0
outSAMflagAND                     65535
outSAMattrRGline                  -   
outSAMheaderHD                    -   
outSAMheaderPG                    -   
outSAMheaderCommentFile           -
outBAMcompression                 1
outBAMsortingThreadN              0
outBAMsortingBinsN                50
outSAMfilter                      None   
outSAMmultNmax                    18446744073709551615
outSAMattrIHstart                 1
outSAMtlen                        1
outSJfilterReads                  All
outSJfilterCountUniqueMin         3   1   1   1   
outSJfilterCountTotalMin          3   1   1   1   
outSJfilterOverhangMin            30   12   12   12   
outSJfilterDistToOtherSJmin       10   0   5   10   
outSJfilterIntronMaxVsReadN       50000   100000   200000   
outWigType                        None   
outWigStrand                      Stranded   
outWigReferencesPrefix            -
outWigNorm                        RPM   
outFilterType                     Normal
outFilterMultimapNmax             10
outFilterMultimapScoreRange       1
outFilterScoreMin                 0
outFilterScoreMinOverLread        0.66
outFilterMatchNmin                0
outFilterMatchNminOverLread       0.66
outFilterMismatchNmax             10
outFilterMismatchNoverLmax        0.3
outFilterMismatchNoverReadLmax    1
outFilterIntronMotifs             None
outFilterIntronStrands            RemoveInconsistentStrands
clip5pNbases                      0   
clip3pNbases                      0   
clip3pAfterAdapterNbases          0   
clip3pAdapterSeq                  -   
clip3pAdapterMMp                  0.1   
winBinNbits                       16
winAnchorDistNbins                9
winFlankNbins                     4
winAnchorMultimapNmax             50
winReadCoverageRelativeMin        0.5
winReadCoverageBasesMin           0
scoreGap                          0
scoreGapNoncan                    -8
scoreGapGCAG                      -4
scoreGapATAC                      -8
scoreStitchSJshift                1
scoreGenomicLengthLog2scale       -0.25
scoreDelBase                      -2
scoreDelOpen                      -2
scoreInsOpen                      -2
scoreInsBase                      -2
seedSearchLmax                    0
seedSearchStartLmax               50
seedSearchStartLmaxOverLread      1
seedPerReadNmax                   1000
seedPerWindowNmax                 50
seedNoneLociPerWindow             10
seedMultimapNmax                  10000
seedSplitMin                      12
alignIntronMin                    21
alignIntronMax                    0
alignMatesGapMax                  0
alignTranscriptsPerReadNmax       10000
alignSJoverhangMin                5
alignSJDBoverhangMin              3
alignSJstitchMismatchNmax         0   -1   0   0   
alignSplicedMateMapLmin           0
alignSplicedMateMapLminOverLmate    0.66
alignWindowsPerReadNmax           10000
alignTranscriptsPerWindowNmax     100
alignEndsType                     Local
alignSoftClipAtReferenceEnds      Yes
alignEndsProtrude                 0   ConcordantPair   
alignInsertionFlush               None
peOverlapNbasesMin                0
peOverlapMMp                      0.1
chimSegmentMin                    0
chimScoreMin                      0
chimScoreDropMax                  20
chimScoreSeparation               10
chimScoreJunctionNonGTAG          -1
chimMainSegmentMultNmax           10
chimJunctionOverhangMin           20
chimOutType                       Junctions   
chimFilter                        banGenomicN   
chimSegmentReadGapMax             0
chimMultimapNmax                  0
chimMultimapScoreRange            1
chimNonchimScoreDropMin           20
sjdbFileChrStartEnd               -   
sjdbGTFfile                       data/viral_genome/NC_002549.gff
sjdbGTFchrPrefix                  -
sjdbGTFfeatureExon                exon
sjdbGTFtagExonParentTranscript    Parent
sjdbGTFtagExonParentGene          gene_id
sjdbOverhang                      100
sjdbScore                         2
sjdbInsertSave                    Basic
varVCFfile                        -
waspOutputMode                    None
quantMode                         -   
quantTranscriptomeBAMcompression    1
quantTranscriptomeBan             IndelSoftclipSingleend
twopass1readsN                    18446744073709551615
twopassMode                       None
----------------------------------------

Finished loading and checking parameters
Jun 23 16:14:14 ... starting to generate Genome files
data/viral_genome/NC_002549.fa : chr # 0  "NC_002549.1" chrStart: 0
Number of SA indices: 37918
Jun 23 16:14:14 ... starting to sort Suffix Array. This may take a long time...
Number of chunks: 1;   chunks size limit: 18599673424 bytes
Jun 23 16:14:14 ... sorting Suffix Array chunks and saving them to disk...
Writing 303344 bytes into data/STAR_genome/NC_002549//SA_0 ; empty space on disk = 37823267733504 bytes ... done
Jun 23 16:14:14 ... loading chunks from disk, packing SA...
Jun 23 16:14:14 ... finished generating suffix array
Jun 23 16:14:14 ... generating Suffix Array index
Jun 23 16:14:14 ... completed Suffix Array index
Jun 23 16:14:14 ..... processing annotations GTF
WARNING: while processing pGe.sjdbGTFfile=data/viral_genome/NC_002549.gff: no gene_id for line:
NC_002549.1	RefSeq	exon	56	3026	.	+	.	ID=exon-ZEBOVgp1-1;Parent=rna-ZEBOVgp1;Dbxref=GeneID:911830;gbkey=mRNA;gene=NP;product=nucleoprotein
WARNING: while processing pGe.sjdbGTFfile=data/viral_genome/NC_002549.gff: no gene_id for line:
NC_002549.1	RefSeq	exon	3032	4407	.	+	.	ID=exon-ZEBOVgp2-1;Parent=rna-ZEBOVgp2;Dbxref=GeneID:911827;gbkey=mRNA;gene=VP35;product=VP35
WARNING: while processing pGe.sjdbGTFfile=data/viral_genome/NC_002549.gff: no gene_id for line:
NC_002549.1	RefSeq	exon	4390	5894	.	+	.	ID=exon-ZEBOVgp3-1;Parent=rna-ZEBOVgp3;Dbxref=GeneID:911825;gbkey=mRNA;gene=VP40;product=VP40
WARNING: while processing pGe.sjdbGTFfile=data/viral_genome/NC_002549.gff: no gene_id for line:
NC_002549.1	RefSeq	exon	5900	8305	.	+	.	ID=exon-ZEBOVgp4-1;Parent=rna-ZEBOVgp4;Dbxref=GeneID:911829;Note=unedited mRNA;gbkey=mRNA;gene=GP;product=sGP
WARNING: while processing pGe.sjdbGTFfile=data/viral_genome/NC_002549.gff: no gene_id for line:
NC_002549.1	RefSeq	exon	8288	9740	.	+	.	ID=exon-ZEBOVgp5-1;Parent=rna-ZEBOVgp5;Dbxref=GeneID:911826;gbkey=mRNA;gene=VP30;product=VP30
WARNING: while processing pGe.sjdbGTFfile=data/viral_genome/NC_002549.gff: no gene_id for line:
NC_002549.1	RefSeq	exon	9885	11496	.	+	.	ID=exon-ZEBOVgp6-1;Parent=rna-ZEBOVgp6;Dbxref=GeneID:911828;gbkey=mRNA;gene=VP24;product=VP24
WARNING: while processing pGe.sjdbGTFfile=data/viral_genome/NC_002549.gff: no gene_id for line:
NC_002549.1	RefSeq	exon	11501	18282	.	+	.	ID=exon-ZEBOVgp7-1;Parent=rna-ZEBOVgp7;Dbxref=GeneID:911824;gbkey=mRNA;gene=L;product=polymerase
Processing pGe.sjdbGTFfile=data/viral_genome/NC_002549.gff, found:
		7 transcripts
		7 exons (non-collapsed)
		0 collapsed junctions
Jun 23 16:14:14 ..... finished GTF processing
Jun 23 16:14:14   Loaded database junctions from the GTF file: data/viral_genome/NC_002549.gff: 0 total junctions

Jun 23 16:14:14   Finished preparing junctions
Jun 23 16:14:14 ..... finished inserting junctions into genome
Jun 23 16:14:14 ... writing Genome to disk ...
Writing 262144 bytes into data/STAR_genome/NC_002549//Genome ; empty space on disk = 37823255150592 bytes ... done
SA size in bytes: 156415
Jun 23 16:14:14 ... writing Suffix Array to disk ...
Writing 156415 bytes into data/STAR_genome/NC_002549//SA ; empty space on disk = 37823186993152 bytes ... done
Jun 23 16:14:14 ... writing SAindex to disk
Writing 8 bytes into data/STAR_genome/NC_002549//SAindex ; empty space on disk = 37823146098688 bytes ... done
Writing 56 bytes into data/STAR_genome/NC_002549//SAindex ; empty space on disk = 37823146098688 bytes ... done
Writing 23891 bytes into data/STAR_genome/NC_002549//SAindex ; empty space on disk = 37823146098688 bytes ... done
Jun 23 16:14:14 ..... finished successfully
DONE: Genome generation, EXITING
